<?xml version="1.0" encoding="UTF-8"?>
<!-- Generated by org.testng.reporters.JUnitXMLReporter -->
<testsuite hostname="Elhossary" ignored="0" name="Surefire test" tests="15" failures="3" timestamp="2022-10-07T16:45:04 EET" time="189.638" errors="0">
  <testcase name="runScenario" time="18.569" classname="io.cucumber.testng.AbstractTestNGCucumberTests"/>
  <testcase name="runScenario" time="10.593" classname="io.cucumber.testng.AbstractTestNGCucumberTests"/>
  <testcase name="runScenario" time="9.374" classname="io.cucumber.testng.AbstractTestNGCucumberTests"/>
  <testcase name="runScenario" time="12.857" classname="io.cucumber.testng.AbstractTestNGCucumberTests"/>
  <testcase name="runScenario" time="8.156" classname="io.cucumber.testng.AbstractTestNGCucumberTests"/>
  <testcase name="runScenario" time="11.479" classname="io.cucumber.testng.AbstractTestNGCucumberTests"/>
  <testcase name="runScenario" time="13.956" classname="io.cucumber.testng.AbstractTestNGCucumberTests"/>
  <testcase name="runScenario" time="12.217" classname="io.cucumber.testng.AbstractTestNGCucumberTests">
    <failure type="java.lang.AssertionError" message="expected [https://demo.nopcommerce.com/nokia-lumia-1020] but found [https://demo.nopcommerce.com/]">
      <![CDATA[java.lang.AssertionError: expected [https://demo.nopcommerce.com/nokia-lumia-1020] but found [https://demo.nopcommerce.com/]
at org.example.stepDefs.D06_homeSlidersStepDef.Check_url(D06_homeSlidersStepDef.java:25)
at ✽.check wether the url is changed to "https://demo.nopcommerce.com/nokia-lumia-1020"(file:///D:/Testig/Ecommerce/src/main/resources/Features/F06_homeSliders.feature:5)
... Removed 6 stack frames]]>
    </failure>
  </testcase> <!-- runScenario -->
  <testcase name="runScenario" time="12.17" classname="io.cucumber.testng.AbstractTestNGCucumberTests">
    <failure type="java.lang.AssertionError" message="expected [https://demo.nopcommerce.com/iphone-6] but found [https://demo.nopcommerce.com/]">
      <![CDATA[java.lang.AssertionError: expected [https://demo.nopcommerce.com/iphone-6] but found [https://demo.nopcommerce.com/]
at org.example.stepDefs.D06_homeSlidersStepDef.Check_url(D06_homeSlidersStepDef.java:25)
at ✽.check wether the url is changed to "https://demo.nopcommerce.com/iphone-6"(file:///D:/Testig/Ecommerce/src/main/resources/Features/F06_homeSliders.feature:11)
... Removed 6 stack frames]]>
    </failure>
  </testcase> <!-- runScenario -->
  <testcase name="runScenario" time="13.369" classname="io.cucumber.testng.AbstractTestNGCucumberTests"/>
  <testcase name="runScenario" time="13.691" classname="io.cucumber.testng.AbstractTestNGCucumberTests"/>
  <testcase name="runScenario" time="9.255" classname="io.cucumber.testng.AbstractTestNGCucumberTests">
    <failure type="java.lang.IndexOutOfBoundsException" message="Index: 1, Size: 1">
      <![CDATA[java.lang.IndexOutOfBoundsException: Index: 1, Size: 1
at java.util.ArrayList.rangeCheck(ArrayList.java:659)
at java.util.ArrayList.get(ArrayList.java:435)
at org.example.stepDefs.D07_followUsStepDef.Click_Rss(D07_followUsStepDef.java:39)
at ✽.user clicks on Rss icon(file:///D:/Testig/Ecommerce/src/main/resources/Features/F07_followUs.feature:12)
]]>
    </failure>
  </testcase> <!-- runScenario -->
  <testcase name="runScenario" time="17.155" classname="io.cucumber.testng.AbstractTestNGCucumberTests"/>
  <testcase name="runScenario" time="10.015" classname="io.cucumber.testng.AbstractTestNGCucumberTests"/>
  <testcase name="runScenario" time="15.577" classname="io.cucumber.testng.AbstractTestNGCucumberTests"/>
</testsuite> <!-- Surefire test -->
