<?xml version="1.0" encoding="UTF-8"?>
<testng-results skipped="0" failed="3" ignored="0" total="15" passed="12">
  <reporter-output>
  </reporter-output>
  <suite name="Surefire suite" duration-ms="189638" started-at="2022-10-07T16:41:55 EET" finished-at="2022-10-07T16:45:04 EET">
    <groups>
      <group name="cucumber">
        <method signature="AbstractTestNGCucumberTests.runScenario(io.cucumber.testng.PickleWrapper,io.cucumber.testng.FeatureWrapper)[pri:0, instance:org.example.testRunner.Runners@6b57696f]" name="runScenario" class="io.cucumber.testng.AbstractTestNGCucumberTests"/>
      </group> <!-- cucumber -->
    </groups>
    <test name="Surefire test" duration-ms="189638" started-at="2022-10-07T16:41:55 EET" finished-at="2022-10-07T16:45:04 EET">
      <class name="org.example.testRunner.Runners">
        <test-method status="PASS" signature="setUpClass(org.testng.ITestContext)[pri:0, instance:org.example.testRunner.Runners@6b57696f]" name="setUpClass" is-config="true" duration-ms="848" started-at="2022-10-07T16:41:55 EET" finished-at="2022-10-07T16:41:55 EET">
          <params>
            <param index="0">
              <value>
                <![CDATA[org.testng.TestRunner@66fbc5e7]]>
              </value>
            </param>
          </params>
          <reporter-output>
          </reporter-output>
        </test-method> <!-- setUpClass -->
        <test-method status="PASS" signature="runScenario(io.cucumber.testng.PickleWrapper,io.cucumber.testng.FeatureWrapper)[pri:0, instance:org.example.testRunner.Runners@6b57696f]" name="runScenario" duration-ms="18569" started-at="2022-10-07T16:41:56 EET" description="Runs Cucumber Scenarios" data-provider="scenarios" finished-at="2022-10-07T16:42:14 EET">
          <params>
            <param index="0">
              <value>
                <![CDATA["guest user register with valid data successfully"]]>
              </value>
            </param>
            <param index="1">
              <value>
                <![CDATA["f01_regfeature | user could register with new accounts"]]>
              </value>
            </param>
          </params>
          <reporter-output>
          </reporter-output>
        </test-method> <!-- runScenario -->
        <test-method status="PASS" signature="runScenario(io.cucumber.testng.PickleWrapper,io.cucumber.testng.FeatureWrapper)[pri:0, instance:org.example.testRunner.Runners@6b57696f]" name="runScenario" duration-ms="10593" started-at="2022-10-07T16:42:14 EET" description="Runs Cucumber Scenarios" data-provider="scenarios" finished-at="2022-10-07T16:42:25 EET">
          <params>
            <param index="0">
              <value>
                <![CDATA["user could login with valid email and password"]]>
              </value>
            </param>
            <param index="1">
              <value>
                <![CDATA["F02_Login | users could use login functionality to use their accounts"]]>
              </value>
            </param>
          </params>
          <reporter-output>
          </reporter-output>
        </test-method> <!-- runScenario -->
        <test-method status="PASS" signature="runScenario(io.cucumber.testng.PickleWrapper,io.cucumber.testng.FeatureWrapper)[pri:0, instance:org.example.testRunner.Runners@6b57696f]" name="runScenario" duration-ms="9374" started-at="2022-10-07T16:42:25 EET" description="Runs Cucumber Scenarios" data-provider="scenarios" finished-at="2022-10-07T16:42:34 EET">
          <params>
            <param index="0">
              <value>
                <![CDATA["user couldnot login with invalid email and password"]]>
              </value>
            </param>
            <param index="1">
              <value>
                <![CDATA["F02_Login | users could use login functionality to use their accounts"]]>
              </value>
            </param>
          </params>
          <reporter-output>
          </reporter-output>
        </test-method> <!-- runScenario -->
        <test-method status="PASS" signature="runScenario(io.cucumber.testng.PickleWrapper,io.cucumber.testng.FeatureWrapper)[pri:0, instance:org.example.testRunner.Runners@6b57696f]" name="runScenario" duration-ms="12857" started-at="2022-10-07T16:42:34 EET" description="Runs Cucumber Scenarios" data-provider="scenarios" finished-at="2022-10-07T16:42:47 EET">
          <params>
            <param index="0">
              <value>
                <![CDATA["user chooses Euro currency then check product prices"]]>
              </value>
            </param>
            <param index="1">
              <value>
                <![CDATA["user checks the currency of products"]]>
              </value>
            </param>
          </params>
          <reporter-output>
          </reporter-output>
        </test-method> <!-- runScenario -->
        <test-method status="PASS" signature="runScenario(io.cucumber.testng.PickleWrapper,io.cucumber.testng.FeatureWrapper)[pri:0, instance:org.example.testRunner.Runners@6b57696f]" name="runScenario" duration-ms="8156" started-at="2022-10-07T16:42:47 EET" description="Runs Cucumber Scenarios" data-provider="scenarios" finished-at="2022-10-07T16:42:55 EET">
          <params>
            <param index="0">
              <value>
                <![CDATA["user searches for products"]]>
              </value>
            </param>
            <param index="1">
              <value>
                <![CDATA["Search feature"]]>
              </value>
            </param>
          </params>
          <reporter-output>
          </reporter-output>
        </test-method> <!-- runScenario -->
        <test-method status="PASS" signature="runScenario(io.cucumber.testng.PickleWrapper,io.cucumber.testng.FeatureWrapper)[pri:0, instance:org.example.testRunner.Runners@6b57696f]" name="runScenario" duration-ms="11479" started-at="2022-10-07T16:42:55 EET" description="Runs Cucumber Scenarios" data-provider="scenarios" finished-at="2022-10-07T16:43:07 EET">
          <params>
            <param index="0">
              <value>
                <![CDATA["user search fo product 2"]]>
              </value>
            </param>
            <param index="1">
              <value>
                <![CDATA["Search feature"]]>
              </value>
            </param>
          </params>
          <reporter-output>
          </reporter-output>
        </test-method> <!-- runScenario -->
        <test-method status="PASS" signature="runScenario(io.cucumber.testng.PickleWrapper,io.cucumber.testng.FeatureWrapper)[pri:0, instance:org.example.testRunner.Runners@6b57696f]" name="runScenario" duration-ms="13956" started-at="2022-10-07T16:43:07 EET" description="Runs Cucumber Scenarios" data-provider="scenarios" finished-at="2022-10-07T16:43:20 EET">
          <params>
            <param index="0">
              <value>
                <![CDATA["User hover to a Category and choose random sub category"]]>
              </value>
            </param>
            <param index="1">
              <value>
                <![CDATA["Hover categories Feature"]]>
              </value>
            </param>
          </params>
          <reporter-output>
          </reporter-output>
        </test-method> <!-- runScenario -->
        <test-method status="FAIL" signature="runScenario(io.cucumber.testng.PickleWrapper,io.cucumber.testng.FeatureWrapper)[pri:0, instance:org.example.testRunner.Runners@6b57696f]" name="runScenario" duration-ms="12217" started-at="2022-10-07T16:43:20 EET" description="Runs Cucumber Scenarios" data-provider="scenarios" finished-at="2022-10-07T16:43:33 EET">
          <params>
            <param index="0">
              <value>
                <![CDATA["First slide is clickable on homepage"]]>
              </value>
            </param>
            <param index="1">
              <value>
                <![CDATA["Home sliders Feature"]]>
              </value>
            </param>
          </params>
          <exception class="java.lang.AssertionError">
            <message>
              <![CDATA[expected [https://demo.nopcommerce.com/nokia-lumia-1020] but found [https://demo.nopcommerce.com/]]]>
            </message>
            <full-stacktrace>
              <![CDATA[java.lang.AssertionError: expected [https://demo.nopcommerce.com/nokia-lumia-1020] but found [https://demo.nopcommerce.com/]
at org.testng.Assert.fail(Assert.java:110)
at org.testng.Assert.failNotEquals(Assert.java:1413)
at org.testng.Assert.assertEqualsImpl(Assert.java:149)
at org.testng.Assert.assertEquals(Assert.java:131)
at org.testng.Assert.assertEquals(Assert.java:655)
at org.testng.Assert.assertEquals(Assert.java:665)
at org.example.stepDefs.D06_homeSlidersStepDef.Check_url(D06_homeSlidersStepDef.java:25)
at ✽.check wether the url is changed to "https://demo.nopcommerce.com/nokia-lumia-1020"(file:///D:/Testig/Ecommerce/src/main/resources/Features/F06_homeSliders.feature:5)
]]>
            </full-stacktrace>
          </exception> <!-- java.lang.AssertionError -->
          <reporter-output>
          </reporter-output>
        </test-method> <!-- runScenario -->
        <test-method status="FAIL" signature="runScenario(io.cucumber.testng.PickleWrapper,io.cucumber.testng.FeatureWrapper)[pri:0, instance:org.example.testRunner.Runners@6b57696f]" name="runScenario" duration-ms="12170" started-at="2022-10-07T16:43:33 EET" description="Runs Cucumber Scenarios" data-provider="scenarios" finished-at="2022-10-07T16:43:45 EET">
          <params>
            <param index="0">
              <value>
                <![CDATA["Second slide is clickable on homepage"]]>
              </value>
            </param>
            <param index="1">
              <value>
                <![CDATA["Home sliders Feature"]]>
              </value>
            </param>
          </params>
          <exception class="java.lang.AssertionError">
            <message>
              <![CDATA[expected [https://demo.nopcommerce.com/iphone-6] but found [https://demo.nopcommerce.com/]]]>
            </message>
            <full-stacktrace>
              <![CDATA[java.lang.AssertionError: expected [https://demo.nopcommerce.com/iphone-6] but found [https://demo.nopcommerce.com/]
at org.testng.Assert.fail(Assert.java:110)
at org.testng.Assert.failNotEquals(Assert.java:1413)
at org.testng.Assert.assertEqualsImpl(Assert.java:149)
at org.testng.Assert.assertEquals(Assert.java:131)
at org.testng.Assert.assertEquals(Assert.java:655)
at org.testng.Assert.assertEquals(Assert.java:665)
at org.example.stepDefs.D06_homeSlidersStepDef.Check_url(D06_homeSlidersStepDef.java:25)
at ✽.check wether the url is changed to "https://demo.nopcommerce.com/iphone-6"(file:///D:/Testig/Ecommerce/src/main/resources/Features/F06_homeSliders.feature:11)
]]>
            </full-stacktrace>
          </exception> <!-- java.lang.AssertionError -->
          <reporter-output>
          </reporter-output>
        </test-method> <!-- runScenario -->
        <test-method status="PASS" signature="runScenario(io.cucumber.testng.PickleWrapper,io.cucumber.testng.FeatureWrapper)[pri:0, instance:org.example.testRunner.Runners@6b57696f]" name="runScenario" duration-ms="13369" started-at="2022-10-07T16:43:45 EET" description="Runs Cucumber Scenarios" data-provider="scenarios" finished-at="2022-10-07T16:43:58 EET">
          <params>
            <param index="0">
              <value>
                <![CDATA["user opens facebook link"]]>
              </value>
            </param>
            <param index="1">
              <value>
                <![CDATA["Follow Us on social media"]]>
              </value>
            </param>
          </params>
          <reporter-output>
          </reporter-output>
        </test-method> <!-- runScenario -->
        <test-method status="PASS" signature="runScenario(io.cucumber.testng.PickleWrapper,io.cucumber.testng.FeatureWrapper)[pri:0, instance:org.example.testRunner.Runners@6b57696f]" name="runScenario" duration-ms="13691" started-at="2022-10-07T16:43:58 EET" description="Runs Cucumber Scenarios" data-provider="scenarios" finished-at="2022-10-07T16:44:12 EET">
          <params>
            <param index="0">
              <value>
                <![CDATA["user opens twitter link"]]>
              </value>
            </param>
            <param index="1">
              <value>
                <![CDATA["Follow Us on social media"]]>
              </value>
            </param>
          </params>
          <reporter-output>
          </reporter-output>
        </test-method> <!-- runScenario -->
        <test-method status="FAIL" signature="runScenario(io.cucumber.testng.PickleWrapper,io.cucumber.testng.FeatureWrapper)[pri:0, instance:org.example.testRunner.Runners@6b57696f]" name="runScenario" duration-ms="9255" started-at="2022-10-07T16:44:12 EET" description="Runs Cucumber Scenarios" data-provider="scenarios" finished-at="2022-10-07T16:44:21 EET">
          <params>
            <param index="0">
              <value>
                <![CDATA["user opens rss link"]]>
              </value>
            </param>
            <param index="1">
              <value>
                <![CDATA["Follow Us on social media"]]>
              </value>
            </param>
          </params>
          <exception class="java.lang.IndexOutOfBoundsException">
            <message>
              <![CDATA[Index: 1, Size: 1]]>
            </message>
            <full-stacktrace>
              <![CDATA[java.lang.IndexOutOfBoundsException: Index: 1, Size: 1
at java.util.ArrayList.rangeCheck(ArrayList.java:659)
at java.util.ArrayList.get(ArrayList.java:435)
at org.example.stepDefs.D07_followUsStepDef.Click_Rss(D07_followUsStepDef.java:39)
at ✽.user clicks on Rss icon(file:///D:/Testig/Ecommerce/src/main/resources/Features/F07_followUs.feature:12)
]]>
            </full-stacktrace>
          </exception> <!-- java.lang.IndexOutOfBoundsException -->
          <reporter-output>
          </reporter-output>
        </test-method> <!-- runScenario -->
        <test-method status="PASS" signature="runScenario(io.cucumber.testng.PickleWrapper,io.cucumber.testng.FeatureWrapper)[pri:0, instance:org.example.testRunner.Runners@6b57696f]" name="runScenario" duration-ms="17155" started-at="2022-10-07T16:44:21 EET" description="Runs Cucumber Scenarios" data-provider="scenarios" finished-at="2022-10-07T16:44:38 EET">
          <params>
            <param index="0">
              <value>
                <![CDATA["user opens youtube link"]]>
              </value>
            </param>
            <param index="1">
              <value>
                <![CDATA["Follow Us on social media"]]>
              </value>
            </param>
          </params>
          <reporter-output>
          </reporter-output>
        </test-method> <!-- runScenario -->
        <test-method status="PASS" signature="runScenario(io.cucumber.testng.PickleWrapper,io.cucumber.testng.FeatureWrapper)[pri:0, instance:org.example.testRunner.Runners@6b57696f]" name="runScenario" duration-ms="10015" started-at="2022-10-07T16:44:38 EET" description="Runs Cucumber Scenarios" data-provider="scenarios" finished-at="2022-10-07T16:44:48 EET">
          <params>
            <param index="0">
              <value>
                <![CDATA["user clicks on wishlist btn of HTC One M8 Android L 5.0 Lollipop"]]>
              </value>
            </param>
            <param index="1">
              <value>
                <![CDATA["WishList"]]>
              </value>
            </param>
          </params>
          <reporter-output>
          </reporter-output>
        </test-method> <!-- runScenario -->
        <test-method status="PASS" signature="runScenario(io.cucumber.testng.PickleWrapper,io.cucumber.testng.FeatureWrapper)[pri:0, instance:org.example.testRunner.Runners@6b57696f]" name="runScenario" duration-ms="15577" started-at="2022-10-07T16:44:48 EET" description="Runs Cucumber Scenarios" data-provider="scenarios" finished-at="2022-10-07T16:45:04 EET">
          <params>
            <param index="0">
              <value>
                <![CDATA["Check the wishlist items count"]]>
              </value>
            </param>
            <param index="1">
              <value>
                <![CDATA["WishList"]]>
              </value>
            </param>
          </params>
          <reporter-output>
          </reporter-output>
        </test-method> <!-- runScenario -->
        <test-method status="PASS" signature="tearDownClass()[pri:0, instance:org.example.testRunner.Runners@6b57696f]" name="tearDownClass" is-config="true" duration-ms="293" started-at="2022-10-07T16:45:04 EET" finished-at="2022-10-07T16:45:04 EET">
          <reporter-output>
          </reporter-output>
        </test-method> <!-- tearDownClass -->
      </class> <!-- org.example.testRunner.Runners -->
    </test> <!-- Surefire test -->
  </suite> <!-- Surefire suite -->
</testng-results>
